#
# There is insufficient memory for the Java Runtime Environment to continue.
# Native memory allocation (mmap) failed to map 89128960 bytes for committing reserved memory.
# Possible reasons:
#   The system is out of physical RAM or swap space
#   The process is running with CompressedOops enabled, and the Java Heap may be blocking the growth of the native heap
# Possible solutions:
#   Reduce memory load on the system
#   Increase physical memory or swap space
#   Check if swap backing store is full
#   Decrease Java heap size (-Xmx/-Xms)
#   Decrease number of Java threads
#   Decrease Java thread stack sizes (-Xss)
#   Set larger code cache with -XX:ReservedCodeCacheSize=
#   JVM is running with Unscaled Compressed Oops mode in which the Java heap is
#     placed in the first 4GB address space. The Java Heap base address is the
#     maximum limit for the native heap growth. Please use -XX:HeapBaseMinAddress
#     to set the Java Heap base and to place the Java Heap above 4GB virtual address.
# This output file may be truncated or incomplete.
#
#  Out of Memory Error (os_linux.cpp:2719), pid=4047, tid=4055
#
# JRE version: OpenJDK Runtime Environment (11.0.3+7) (build 11.0.3+7-Ubuntu-1ubuntu218.10.1)
# Java VM: OpenJDK 64-Bit Server VM (11.0.3+7-Ubuntu-1ubuntu218.10.1, mixed mode, sharing, tiered, compressed oops, g1 gc, linux-amd64)
# Core dump will be written. Default location: Core dumps may be processed with "/usr/share/apport/apport %p %s %c %d %P" (or dumping to /home/giovanni/Desktop/spring-course/spring-mvc/springmvc/core.4047)
#

---------------  S U M M A R Y ------------

Command Line: -Dspring.lsp.client-port=45557 -Dserver.port=45557 -Dsts.lsp.client=vscode -Dsts.log.file=/tmp/vscode-spring-boot-1561800831583.log -Dlogging.file=/tmp/vscode-spring-boot-1561800831583.log -Dspring.config.location=file:/home/giovanni/.vscode/extensions/pivotal.vscode-spring-boot-1.8.1/language-server/BOOT-INF/classes/application.properties org.springframework.ide.vscode.boot.app.BootLanguagServerBootApp

Host: AMD Athlon(tm) 64 X2 Dual Core Processor 4600+, 2 cores, 2G, Ubuntu 18.10
Time: Sat Jun 29 11:36:16 2019 CEST elapsed time: 145 seconds (0d 0h 2m 25s)

---------------  T H R E A D  ---------------

Current thread (0x00007f541009e000):  VMThread "VM Thread" [stack: 0x00007f53f807e000,0x00007f53f817e000] [id=4055]

Stack: [0x00007f53f807e000,0x00007f53f817e000],  sp=0x00007f53f817bff0,  free space=1015k
Native frames: (J=compiled Java code, A=aot compiled Java code, j=interpreted, Vv=VM code, C=native code)
V  [libjvm.so+0xd170fe]
V  [libjvm.so+0xd17d4b]
V  [libjvm.so+0x61a775]
V  [libjvm.so+0xb260c8]
V  [libjvm.so+0xb1d41d]
V  [libjvm.so+0x7318cf]
V  [libjvm.so+0x731c7e]
V  [libjvm.so+0x73b0d6]
V  [libjvm.so+0x7af234]
V  [libjvm.so+0x7afe40]
V  [libjvm.so+0x7b0257]
V  [libjvm.so+0x6f1790]
V  [libjvm.so+0x6f5e3e]
V  [libjvm.so+0xd22914]
V  [libjvm.so+0xd21578]
V  [libjvm.so+0xd1feb7]
V  [libjvm.so+0xd2052e]
V  [libjvm.so+0xd20793]
V  [libjvm.so+0xcb7c34]
V  [libjvm.so+0xb2a96e]

VM_Operation (0x00007f53bb3f6c90): G1CollectForAllocation, mode: safepoint, requested by thread 0x00007f53d4023000


---------------  P R O C E S S  ---------------

Threads class SMR info:
_java_thread_list=0x00007f53f4019de0, length=19, elements={
0x00007f54100a0800, 0x00007f54100a2800, 0x00007f54100a8000, 0x00007f54100aa800,
0x00007f54100ac800, 0x00007f54100ae800, 0x00007f54100e5800, 0x00007f54100ee000,
0x00007f53cc001000, 0x00007f5410abd000, 0x00007f5410015000, 0x00007f53cc04e800,
0x00007f53d803a800, 0x00007f53d404a800, 0x00007f53d4059000, 0x00007f53d405c800,
0x00007f53d4021800, 0x00007f53d4023000, 0x00007f53f4018800
}

Java Threads: ( => current thread )
  0x00007f54100a0800 JavaThread "Reference Handler" daemon [_thread_blocked, id=4056, stack(0x00007f53e9eff000,0x00007f53ea000000)]
  0x00007f54100a2800 JavaThread "Finalizer" daemon [_thread_blocked, id=4057, stack(0x00007f53e9dfe000,0x00007f53e9eff000)]
  0x00007f54100a8000 JavaThread "Signal Dispatcher" daemon [_thread_blocked, id=4058, stack(0x00007f53e8f22000,0x00007f53e9023000)]
  0x00007f54100aa800 JavaThread "C2 CompilerThread0" daemon [_thread_blocked, id=4059, stack(0x00007f53e8e21000,0x00007f53e8f22000)]
  0x00007f54100ac800 JavaThread "C1 CompilerThread0" daemon [_thread_blocked, id=4060, stack(0x00007f53e8d20000,0x00007f53e8e21000)]
  0x00007f54100ae800 JavaThread "Sweeper thread" daemon [_thread_blocked, id=4061, stack(0x00007f53e8c1f000,0x00007f53e8d20000)]
  0x00007f54100e5800 JavaThread "Service Thread" daemon [_thread_blocked, id=4064, stack(0x00007f53e8b1e000,0x00007f53e8c1f000)]
  0x00007f54100ee000 JavaThread "Common-Cleaner" daemon [_thread_blocked, id=4066, stack(0x00007f53e891b000,0x00007f53e8a1c000)]
  0x00007f53cc001000 JavaThread "Attach Listener" daemon [_thread_blocked, id=4068, stack(0x00007f53e881a000,0x00007f53e891b000)]
  0x00007f5410abd000 JavaThread "LanguageServerApp-lifecycle" [_thread_blocked, id=4114, stack(0x00007f53e8617000,0x00007f53e8718000)]
  0x00007f5410015000 JavaThread "DestroyJavaVM" [_thread_blocked, id=4049, stack(0x00007f5416935000,0x00007f5416a36000)]
  0x00007f53cc04e800 JavaThread "pool-3-thread-1" [_thread_in_native, id=4119, stack(0x00007f53bbaff000,0x00007f53bbc00000)]
  0x00007f53d803a800 JavaThread "Simple-Language-Server main thread" daemon [_thread_blocked, id=4143, stack(0x00007f53bb7fe000,0x00007f53bb8ff000)]
  0x00007f53d404a800 JavaThread "Reconciler-1" daemon [_thread_blocked, id=4148, stack(0x00007f53bb6fd000,0x00007f53bb7fe000)]
  0x00007f53d4059000 JavaThread "Thread-4" daemon [_thread_blocked, id=4150, stack(0x00007f53bb5fc000,0x00007f53bb6fd000)]
  0x00007f53d405c800 JavaThread "pool-2-thread-1" [_thread_blocked, id=4151, stack(0x00007f53bb4fb000,0x00007f53bb5fc000)]
  0x00007f53d4021800 JavaThread "Thread-5" daemon [_thread_blocked, id=4152, stack(0x00007f53bb3fa000,0x00007f53bb4fb000)]
  0x00007f53d4023000 JavaThread "pool-4-thread-1" [_thread_blocked, id=4153, stack(0x00007f53bb2f9000,0x00007f53bb3fa000)]
  0x00007f53f4018800 JavaThread "elastic-evictor-1" daemon [_thread_blocked, id=4156, stack(0x00007f53bb1f8000,0x00007f53bb2f9000)]

Other Threads:
=>0x00007f541009e000 VMThread "VM Thread" [stack: 0x00007f53f807e000,0x00007f53f817e000] [id=4055]
  0x00007f54100e8000 WatcherThread [stack: 0x00007f53e8a1e000,0x00007f53e8b1e000] [id=4065]
  0x00007f541002b000 GCTaskThread "GC Thread#0" [stack: 0x00007f54165ec000,0x00007f54166ec000] [id=4050]
  0x00007f53e0001000 GCTaskThread "GC Thread#1" [stack: 0x00007f53e871a000,0x00007f53e881a000] [id=4079]
  0x00007f5410040800 ConcurrentGCThread "G1 Main Marker" [stack: 0x00007f54146e7000,0x00007f54147e7000] [id=4051]
  0x00007f5410042800 ConcurrentGCThread "G1 Conc#0" [stack: 0x00007f54145e5000,0x00007f54146e5000] [id=4052]
  0x00007f5410072000 ConcurrentGCThread "G1 Refine#0" [stack: 0x00007f54142e1000,0x00007f54143e1000] [id=4053]
  0x00007f5410074000 ConcurrentGCThread "G1 Young RemSet Sampling" [stack: 0x00007f54141df000,0x00007f54142df000] [id=4054]

Threads with active compile tasks:

VM state:at safepoint (normal execution)

VM Mutex/Monitor currently owned by a thread:  ([mutex/lock_event])
[0x00007f5410012010] Threads_lock - owner thread: 0x00007f541009e000
[0x00007f5410012760] Heap_lock - owner thread: 0x00007f53d4023000

Heap address: 0x00000000d1000000, size: 752 MB, Compressed Oops mode: 32-bit
Narrow klass base: 0x0000000800000000, Narrow klass shift: 3
Compressed class space size: 1073741824 Address: 0x0000000840000000

Heap:
 garbage-first heap   total 206848K, used 15057K [0x00000000d1000000, 0x0000000100000000)
  region size 1024K, 1 young (1024K), 1 survivors (1024K)
 Metaspace       used 23440K, capacity 24221K, committed 24496K, reserved 1071104K
  class space    used 3012K, capacity 3318K, committed 3328K, reserved 1048576K
Heap Regions: E=young(eden), S=young(survivor), O=old, HS=humongous(starts), HC=humongous(continues), CS=collection set, F=free, A=archive, TAMS=top-at-mark-start (previous, next)
|   0|0x00000000d1000000, 0x00000000d1100000, 0x00000000d1100000|100%| O|  |TAMS 0x00000000d1100000, 0x00000000d1000000| Untracked 
|   1|0x00000000d1100000, 0x00000000d1200000, 0x00000000d1200000|100%| O|  |TAMS 0x00000000d1200000, 0x00000000d1100000| Untracked 
|   2|0x00000000d1200000, 0x00000000d1300000, 0x00000000d1300000|100%| O|  |TAMS 0x00000000d1300000, 0x00000000d1200000| Untracked 
|   3|0x00000000d1300000, 0x00000000d1400000, 0x00000000d1400000|100%| O|  |TAMS 0x00000000d1400000, 0x00000000d1300000| Untracked 
|   4|0x00000000d1400000, 0x00000000d1500000, 0x00000000d1500000|100%| O|  |TAMS 0x00000000d1500000, 0x00000000d1400000| Untracked 
|   5|0x00000000d1500000, 0x00000000d1600000, 0x00000000d1600000|100%| O|  |TAMS 0x00000000d1600000, 0x00000000d1500000| Untracked 
|   6|0x00000000d1600000, 0x00000000d1700000, 0x00000000d1700000|100%| O|  |TAMS 0x00000000d1700000, 0x00000000d1600000| Untracked 
|   7|0x00000000d1700000, 0x00000000d1800000, 0x00000000d1800000|100%| O|  |TAMS 0x00000000d1800000, 0x00000000d1700000| Untracked 
|   8|0x00000000d1800000, 0x00000000d1900000, 0x00000000d1900000|100%| O|  |TAMS 0x00000000d1900000, 0x00000000d1800000| Untracked 
|   9|0x00000000d1900000, 0x00000000d1a00000, 0x00000000d1a00000|100%| O|  |TAMS 0x00000000d1a00000, 0x00000000d1900000| Untracked 
|  10|0x00000000d1a00000, 0x00000000d1b00000, 0x00000000d1b00000|100%| O|  |TAMS 0x00000000d1b00000, 0x00000000d1a00000| Untracked 
|  11|0x00000000d1b00000, 0x00000000d1c00000, 0x00000000d1c00000|100%| O|  |TAMS 0x00000000d1b64400, 0x00000000d1b00000| Untracked 
|  12|0x00000000d1c00000, 0x00000000d1d00000, 0x00000000d1d00000|100%| O|  |TAMS 0x00000000d1c00000, 0x00000000d1c00000| Untracked 
|  13|0x00000000d1d00000, 0x00000000d1d59c00, 0x00000000d1e00000| 35%| O|  |TAMS 0x00000000d1d00000, 0x00000000d1d00000| Untracked 
|  14|0x00000000d1e00000, 0x00000000d1e00000, 0x00000000d1f00000|  0%| F|  |TAMS 0x00000000d1e00000, 0x00000000d1e00000| Untracked 
|  15|0x00000000d1f00000, 0x00000000d1f00000, 0x00000000d2000000|  0%| F|  |TAMS 0x00000000d1f00000, 0x00000000d1f00000| Untracked 
|  16|0x00000000d2000000, 0x00000000d2000000, 0x00000000d2100000|  0%| F|  |TAMS 0x00000000d2000000, 0x00000000d2000000| Untracked 
|  17|0x00000000d2100000, 0x00000000d2100000, 0x00000000d2200000|  0%| F|  |TAMS 0x00000000d2100000, 0x00000000d2100000| Untracked 
|  18|0x00000000d2200000, 0x00000000d2200000, 0x00000000d2300000|  0%| F|  |TAMS 0x00000000d2200000, 0x00000000d2200000| Untracked 
|  19|0x00000000d2300000, 0x00000000d2300000, 0x00000000d2400000|  0%| F|  |TAMS 0x00000000d2300000, 0x00000000d2300000| Untracked 
|  20|0x00000000d2400000, 0x00000000d2400000, 0x00000000d2500000|  0%| F|  |TAMS 0x00000000d2400000, 0x00000000d2400000| Untracked 
|  21|0x00000000d2500000, 0x00000000d2500000, 0x00000000d2600000|  0%| F|  |TAMS 0x00000000d2500000, 0x00000000d2500000| Untracked 
|  22|0x00000000d2600000, 0x00000000d2600000, 0x00000000d2700000|  0%| F|  |TAMS 0x00000000d2600000, 0x00000000d2600000| Untracked 
|  23|0x00000000d2700000, 0x00000000d2700000, 0x00000000d2800000|  0%| F|  |TAMS 0x00000000d2700000, 0x00000000d2700000| Untracked 
|  24|0x00000000d2800000, 0x00000000d2800000, 0x00000000d2900000|  0%| F|  |TAMS 0x00000000d2800000, 0x00000000d2800000| Untracked 
|  25|0x00000000d2900000, 0x00000000d2900000, 0x00000000d2a00000|  0%| F|  |TAMS 0x00000000d2900000, 0x00000000d2900000| Untracked 
|  26|0x00000000d2a00000, 0x00000000d2a00000, 0x00000000d2b00000|  0%| F|  |TAMS 0x00000000d2a00000, 0x00000000d2a00000| Untracked 
|  27|0x00000000d2b00000, 0x00000000d2b00000, 0x00000000d2c00000|  0%| F|  |TAMS 0x00000000d2b00000, 0x00000000d2b00000| Untracked 
|  28|0x00000000d2c00000, 0x00000000d2c00000, 0x00000000d2d00000|  0%| F|  |TAMS 0x00000000d2c00000, 0x00000000d2c00000| Untracked 
|  29|0x00000000d2d00000, 0x00000000d2d00000, 0x00000000d2e00000|  0%| F|  |TAMS 0x00000000d2d00000, 0x00000000d2d00000| Untracked 
|  30|0x00000000d2e00000, 0x00000000d2e00000, 0x00000000d2f00000|  0%| F|  |TAMS 0x00000000d2e00000, 0x00000000d2e00000| Untracked 
|  31|0x00000000d2f00000, 0x00000000d2f00000, 0x00000000d3000000|  0%| F|  |TAMS 0x00000000d2f00000, 0x00000000d2f00000| Untracked 
|  32|0x00000000d3000000, 0x00000000d3000000, 0x00000000d3100000|  0%| F|  |TAMS 0x00000000d3000000, 0x00000000d3000000| Untracked 
|  33|0x00000000d3100000, 0x00000000d3100000, 0x00000000d3200000|  0%| F|  |TAMS 0x00000000d3100000, 0x00000000d3100000| Untracked 
|  34|0x00000000d3200000, 0x00000000d3200000, 0x00000000d3300000|  0%| F|  |TAMS 0x00000000d3200000, 0x00000000d3200000| Untracked 
|  35|0x00000000d3300000, 0x00000000d3300000, 0x00000000d3400000|  0%| F|  |TAMS 0x00000000d3300000, 0x00000000d3300000| Untracked 
|  36|0x00000000d3400000, 0x00000000d3400000, 0x00000000d3500000|  0%| F|  |TAMS 0x00000000d3400000, 0x00000000d3400000| Untracked 
|  37|0x00000000d3500000, 0x00000000d3500000, 0x00000000d3600000|  0%| F|  |TAMS 0x00000000d3500000, 0x00000000d3500000| Untracked 
|  38|0x00000000d3600000, 0x00000000d3600000, 0x00000000d3700000|  0%| F|  |TAMS 0x00000000d3600000, 0x00000000d3600000| Untracked 
|  39|0x00000000d3700000, 0x00000000d3700000, 0x00000000d3800000|  0%| F|  |TAMS 0x00000000d3700000, 0x00000000d3700000| Untracked 
|  40|0x00000000d3800000, 0x00000000d3800000, 0x00000000d3900000|  0%| F|  |TAMS 0x00000000d3800000, 0x00000000d3800000| Untracked 
|  41|0x00000000d3900000, 0x00000000d3900000, 0x00000000d3a00000|  0%| F|  |TAMS 0x00000000d3900000, 0x00000000d3900000| Untracked 
|  42|0x00000000d3a00000, 0x00000000d3a00000, 0x00000000d3b00000|  0%| F|  |TAMS 0x00000000d3a00000, 0x00000000d3a00000| Untracked 
|  43|0x00000000d3b00000, 0x00000000d3b00000, 0x00000000d3c00000|  0%| F|  |TAMS 0x00000000d3b00000, 0x00000000d3b00000| Untracked 
|  44|0x00000000d3c00000, 0x00000000d3c00000, 0x00000000d3d00000|  0%| F|  |TAMS 0x00000000d3c00000, 0x00000000d3c00000| Untracked 
|  45|0x00000000d3d00000, 0x00000000d3d00000, 0x00000000d3e00000|  0%| F|  |TAMS 0x00000000d3d00000, 0x00000000d3d00000| Untracked 
|  46|0x00000000d3e00000, 0x00000000d3e00000, 0x00000000d3f00000|  0%| F|  |TAMS 0x00000000d3e00000, 0x00000000d3e00000| Untracked 
|  47|0x00000000d3f00000, 0x00000000d3f00000, 0x00000000d4000000|  0%| F|  |TAMS 0x00000000d3f00000, 0x00000000d3f00000| Untracked 
|  48|0x00000000d4000000, 0x00000000d4000000, 0x00000000d4100000|  0%| F|  |TAMS 0x00000000d4000000, 0x00000000d4000000| Untracked 
|  49|0x00000000d4100000, 0x00000000d4100000, 0x00000000d4200000|  0%| F|  |TAMS 0x00000000d4100000, 0x00000000d4100000| Untracked 
|  50|0x00000000d4200000, 0x00000000d4200000, 0x00000000d4300000|  0%| F|  |TAMS 0x00000000d4200000, 0x00000000d4200000| Untracked 
|  51|0x00000000d4300000, 0x00000000d4300000, 0x00000000d4400000|  0%| F|  |TAMS 0x00000000d4300000, 0x00000000d4300000| Untracked 
|  52|0x00000000d4400000, 0x00000000d4400000, 0x00000000d4500000|  0%| F|  |TAMS 0x00000000d4400000, 0x00000000d4400000| Untracked 
|  53|0x00000000d4500000, 0x00000000d4500000, 0x00000000d4600000|  0%| F|  |TAMS 0x00000000d4500000, 0x00000000d4500000| Untracked 
|  54|0x00000000d4600000, 0x00000000d4600000, 0x00000000d4700000|  0%| F|  |TAMS 0x00000000d4600000, 0x00000000d4600000| Untracked 
|  55|0x00000000d4700000, 0x00000000d4700000, 0x00000000d4800000|  0%| F|  |TAMS 0x00000000d4700000, 0x00000000d4700000| Untracked 
|  56|0x00000000d4800000, 0x00000000d4800000, 0x00000000d4900000|  0%| F|  |TAMS 0x00000000d4800000, 0x00000000d4800000| Untracked 
|  57|0x00000000d4900000, 0x00000000d4900000, 0x00000000d4a00000|  0%| F|  |TAMS 0x00000000d4900000, 0x00000000d4900000| Untracked 
|  58|0x00000000d4a00000, 0x00000000d4a00000, 0x00000000d4b00000|  0%| F|  |TAMS 0x00000000d4a00000, 0x00000000d4a00000| Untracked 
|  59|0x00000000d4b00000, 0x00000000d4b00000, 0x00000000d4c00000|  0%| F|  |TAMS 0x00000000d4b00000, 0x00000000d4b00000| Untracked 
|  60|0x00000000d4c00000, 0x00000000d4c00000, 0x00000000d4d00000|  0%| F|  |TAMS 0x00000000d4c00000, 0x00000000d4c00000| Untracked 
|  61|0x00000000d4d00000, 0x00000000d4d00000, 0x00000000d4e00000|  0%| F|  |TAMS 0x00000000d4d00000, 0x00000000d4d00000| Untracked 
|  62|0x00000000d4e00000, 0x00000000d4e00000, 0x00000000d4f00000|  0%| F|  |TAMS 0x00000000d4e00000, 0x00000000d4e00000| Untracked 
|  63|0x00000000d4f00000, 0x00000000d4f00000, 0x00000000d5000000|  0%| F|  |TAMS 0x00000000d4f00000, 0x00000000d4f00000| Untracked 
|  64|0x00000000d5000000, 0x00000000d5000000, 0x00000000d5100000|  0%| F|  |TAMS 0x00000000d5000000, 0x00000000d5000000| Untracked 
|  65|0x00000000d5100000, 0x00000000d5100000, 0x00000000d5200000|  0%| F|  |TAMS 0x00000000d5100000, 0x00000000d5100000| Untracked 
|  66|0x00000000d5200000, 0x00000000d5200000, 0x00000000d5300000|  0%| F|  |TAMS 0x00000000d5200000, 0x00000000d5200000| Untracked 
|  67|0x00000000d5300000, 0x00000000d5300000, 0x00000000d5400000|  0%| F|  |TAMS 0x00000000d5300000, 0x00000000d5300000| Untracked 
|  68|0x00000000d5400000, 0x00000000d5400000, 0x00000000d5500000|  0%| F|  |TAMS 0x00000000d5400000, 0x00000000d5400000| Untracked 
|  69|0x00000000d5500000, 0x00000000d5500000, 0x00000000d5600000|  0%| F|  |TAMS 0x00000000d5500000, 0x00000000d5500000| Untracked 
|  70|0x00000000d5600000, 0x00000000d5600000, 0x00000000d5700000|  0%| F|  |TAMS 0x00000000d5600000, 0x00000000d5600000| Untracked 
|  71|0x00000000d5700000, 0x00000000d5700000, 0x00000000d5800000|  0%| F|  |TAMS 0x00000000d5700000, 0x00000000d5700000| Untracked 
|  72|0x00000000d5800000, 0x00000000d5800000, 0x00000000d5900000|  0%| F|  |TAMS 0x00000000d5800000, 0x00000000d5800000| Untracked 
|  73|0x00000000d5900000, 0x00000000d5900000, 0x00000000d5a00000|  0%| F|  |TAMS 0x00000000d5900000, 0x00000000d5900000| Untracked 
|  74|0x00000000d5a00000, 0x00000000d5a00000, 0x00000000d5b00000|  0%| F|  |TAMS 0x00000000d5a00000, 0x00000000d5a00000| Untracked 
|  75|0x00000000d5b00000, 0x00000000d5b00000, 0x00000000d5c00000|  0%| F|  |TAMS 0x00000000d5b00000, 0x00000000d5b00000| Untracked 
|  76|0x00000000d5c00000, 0x00000000d5c00000, 0x00000000d5d00000|  0%| F|  |TAMS 0x00000000d5c00000, 0x00000000d5c00000| Untracked 
|  77|0x00000000d5d00000, 0x00000000d5d00000, 0x00000000d5e00000|  0%| F|  |TAMS 0x00000000d5d00000, 0x00000000d5d00000| Untracked 
|  78|0x00000000d5e00000, 0x00000000d5e00000, 0x00000000d5f00000|  0%| F|  |TAMS 0x00000000d5e00000, 0x00000000d5e00000| Untracked 
|  79|0x00000000d5f00000, 0x00000000d5f00000, 0x00000000d6000000|  0%| F|  |TAMS 0x00000000d5f00000, 0x00000000d5f00000| Untracked 
|  80|0x00000000d6000000, 0x00000000d6000000, 0x00000000d6100000|  0%| F|  |TAMS 0x00000000d6000000, 0x00000000d6000000| Untracked 
|  81|0x00000000d6100000, 0x00000000d6100000, 0x00000000d6200000|  0%| F|  |TAMS 0x00000000d6100000, 0x00000000d6100000| Untracked 
|  82|0x00000000d6200000, 0x00000000d6200000, 0x00000000d6300000|  0%| F|  |TAMS 0x00000000d6200000, 0x00000000d6200000| Untracked 
|  83|0x00000000d6300000, 0x00000000d6300000, 0x00000000d6400000|  0%| F|  |TAMS 0x00000000d6300000, 0x00000000d6300000| Untracked 
|  84|0x00000000d6400000, 0x00000000d6400000, 0x00000000d6500000|  0%| F|  |TAMS 0x00000000d6400000, 0x00000000d6400000| Untracked 
|  85|0x00000000d6500000, 0x00000000d6500000, 0x00000000d6600000|  0%| F|  |TAMS 0x00000000d6500000, 0x00000000d6500000| Untracked 
|  86|0x00000000d6600000, 0x00000000d6600000, 0x00000000d6700000|  0%| F|  |TAMS 0x00000000d6600000, 0x00000000d6600000| Untracked 
|  87|0x00000000d6700000, 0x00000000d6700000, 0x00000000d6800000|  0%| F|  |TAMS 0x00000000d6700000, 0x00000000d6700000| Untracked 
|  88|0x00000000d6800000, 0x00000000d6800000, 0x00000000d6900000|  0%| F|  |TAMS 0x00000000d6800000, 0x00000000d6800000| Untracked 
|  89|0x00000000d6900000, 0x00000000d6900000, 0x00000000d6a00000|  0%| F|  |TAMS 0x00000000d6900000, 0x00000000d6900000| Untracked 
|  90|0x00000000d6a00000, 0x00000000d6a00000, 0x00000000d6b00000|  0%| F|  |TAMS 0x00000000d6a00000, 0x00000000d6a00000| Untracked 
|  91|0x00000000d6b00000, 0x00000000d6b00000, 0x00000000d6c00000|  0%| F|  |TAMS 0x00000000d6b00000, 0x00000000d6b00000| Untracked 
|  92|0x00000000d6c00000, 0x00000000d6c00000, 0x00000000d6d00000|  0%| F|  |TAMS 0x00000000d6c00000, 0x00000000d6c00000| Untracked 
|  93|0x00000000d6d00000, 0x00000000d6d00000, 0x00000000d6e00000|  0%| F|  |TAMS 0x00000000d6d00000, 0x00000000d6d00000| Untracked 
|  94|0x00000000d6e00000, 0x00000000d6e00000, 0x00000000d6f00000|  0%| F|  |TAMS 0x00000000d6e00000, 0x00000000d6e00000| Untracked 
|  95|0x00000000d6f00000, 0x00000000d6f00000, 0x00000000d7000000|  0%| F|  |TAMS 0x00000000d6f00000, 0x00000000d6f00000| Untracked 
|  96|0x00000000d7000000, 0x00000000d7000000, 0x00000000d7100000|  0%| F|  |TAMS 0x00000000d7000000, 0x00000000d7000000| Untracked 
|  97|0x00000000d7100000, 0x00000000d7100000, 0x00000000d7200000|  0%| F|  |TAMS 0x00000000d7100000, 0x00000000d7100000| Untracked 
|  98|0x00000000d7200000, 0x00000000d7200000, 0x00000000d7300000|  0%| F|  |TAMS 0x00000000d7200000, 0x00000000d7200000| Untracked 
|  99|0x00000000d7300000, 0x00000000d7300000, 0x00000000d7400000|  0%| F|  |TAMS 0x00000000d7300000, 0x00000000d7300000| Untracked 
| 100|0x00000000d7400000, 0x00000000d7400000, 0x00000000d7500000|  0%| F|  |TAMS 0x00000000d7400000, 0x00000000d7400000| Untracked 
| 101|0x00000000d7500000, 0x00000000d7500000, 0x00000000d7600000|  0%| F|  |TAMS 0x00000000d7500000, 0x00000000d7500000| Untracked 
| 102|0x00000000d7600000, 0x00000000d7600000, 0x00000000d7700000|  0%| F|  |TAMS 0x00000000d7600000, 0x00000000d7600000| Untracked 
| 103|0x00000000d7700000, 0x00000000d7700000, 0x00000000d7800000|  0%| F|  |TAMS 0x00000000d7700000, 0x00000000d7700000| Untracked 
| 104|0x00000000d7800000, 0x00000000d7800000, 0x00000000d7900000|  0%| F|  |TAMS 0x00000000d7800000, 0x00000000d7800000| Untracked 
| 105|0x00000000d7900000, 0x00000000d7900000, 0x00000000d7a00000|  0%| F|  |TAMS 0x00000000d7900000, 0x00000000d7900000| Untracked 
| 106|0x00000000d7a00000, 0x00000000d7a00000, 0x00000000d7b00000|  0%| F|  |TAMS 0x00000000d7a00000, 0x00000000d7a00000| Untracked 
| 107|0x00000000d7b00000, 0x00000000d7b00000, 0x00000000d7c00000|  0%| F|  |TAMS 0x00000000d7b00000, 0x00000000d7b00000| Untracked 
| 108|0x00000000d7c00000, 0x00000000d7c00000, 0x00000000d7d00000|  0%| F|  |TAMS 0x00000000d7c00000, 0x00000000d7c00000| Untracked 
| 109|0x00000000d7d00000, 0x00000000d7d00000, 0x00000000d7e00000|  0%| F|  |TAMS 0x00000000d7d00000, 0x00000000d7d00000| Untracked 
| 110|0x00000000d7e00000, 0x00000000d7ebb958, 0x00000000d7f00000| 73%| S|CS|TAMS 0x00000000d7e00000, 0x00000000d7e00000| Complete 
| 111|0x00000000d7f00000, 0x00000000d7f00000, 0x00000000d8000000|  0%| F|  |TAMS 0x00000000d7f00000, 0x00000000d7f00000| Untracked 
| 112|0x00000000d8000000, 0x00000000d8000000, 0x00000000d8100000|  0%| F|  |TAMS 0x00000000d8000000, 0x00000000d8000000| Untracked 
| 113|0x00000000d8100000, 0x00000000d8100000, 0x00000000d8200000|  0%| F|  |TAMS 0x00000000d8100000, 0x00000000d8100000| Untracked 
| 114|0x00000000d8200000, 0x00000000d8200000, 0x00000000d8300000|  0%| F|  |TAMS 0x00000000d8200000, 0x00000000d8200000| Untracked 
| 750|0x00000000ffe00000, 0x00000000ffe35000, 0x00000000fff00000| 20%|OA|  |TAMS 0x00000000ffe35000, 0x00000000ffe00000| Untracked 
| 751|0x00000000fff00000, 0x00000000fff6a000, 0x0000000100000000| 41%|CA|  |TAMS 0x00000000fff6a000, 0x00000000fff00000| Untracked 

Card table byte_map: [0x00007f54160f8000,0x00007f5416270000] _byte_map_base: 0x00007f5415a70000

Marking Bits (Prev, Next): (CMBitMap*) 0x00007f541003ccc0, (CMBitMap*) 0x00007f541003cc88
 Prev Bits: [0x00007f5414800000, 0x00007f54153c0000)
 Next Bits: [0x00007f54153c0000, 0x00007f5415f80000)

Polling page: 0x00007f54182b0000

Metaspace:

Usage:
  Non-class:     20,41 MB capacity,    19,95 MB ( 98%) used,   389,67 KB (  2%) free+waste,    85,81 KB ( <1%) overhead. 
      Class:      3,24 MB capacity,     2,94 MB ( 91%) used,   262,21 KB (  8%) free+waste,    43,25 KB (  1%) overhead. 
       Both:     23,65 MB capacity,    22,89 MB ( 97%) used,   651,88 KB (  3%) free+waste,   129,06 KB ( <1%) overhead. 

Virtual space:
  Non-class space:       22,00 MB reserved,      20,67 MB ( 94%) committed 
      Class space:        1,00 GB reserved,       3,25 MB ( <1%) committed 
             Both:        1,02 GB reserved,      23,92 MB (  2%) committed 

Chunk freelists:
   Non-Class:  41,00 KB
       Class:  10,00 KB
        Both:  51,00 KB

CodeHeap 'non-profiled nmethods': size=120036Kb used=1233Kb max_used=1233Kb free=118802Kb
 bounds [0x00007f5400445000, 0x00007f54006b5000, 0x00007f540797e000]
CodeHeap 'profiled nmethods': size=120032Kb used=5336Kb max_used=5336Kb free=114695Kb
 bounds [0x00007f53f8f0d000, 0x00007f53f945d000, 0x00007f5400445000]
CodeHeap 'non-nmethods': size=5692Kb used=1141Kb max_used=1173Kb free=4550Kb
 bounds [0x00007f53f897e000, 0x00007f53f8bee000, 0x00007f53f8f0d000]
 total_blobs=3995 nmethods=2538 adapters=395
 compilation: enabled
              stopped_count=0, restarted_count=0
 full_count=0

Compilation events (10 events):
Event: 136,590 Thread 0x00007f54100aa800 nmethod 2874 0x00007f54004caa10 code [0x00007f54004caba0, 0x00007f54004cae18]
Event: 136,591 Thread 0x00007f54100aa800 2877       4       java.lang.invoke.LambdaForm$Name::useCount (42 bytes)
Event: 137,760 Thread 0x00007f54100ac800 nmethod 2884 0x00007f53f944f890 code [0x00007f53f944fc60, 0x00007f53f9451418]
Event: 137,761 Thread 0x00007f54100ac800 2885       3       java.lang.invoke.LambdaForm::methodType (48 bytes)
Event: 137,763 Thread 0x00007f54100ac800 nmethod 2885 0x00007f53f92ca890 code [0x00007f53f92caaa0, 0x00007f53f92cb0f8]
Event: 137,763 Thread 0x00007f54100ac800 2886       3       java.lang.invoke.MethodType::listToArray (22 bytes)
Event: 138,653 Thread 0x00007f54100ac800 nmethod 2886 0x00007f53f9307b90 code [0x00007f53f9307de0, 0x00007f53f9308628]
Event: 138,653 Thread 0x00007f54100ac800 2889       3       java.lang.invoke.DirectMethodHandle::make (21 bytes)
Event: 138,954 Thread 0x00007f54100ac800 nmethod 2889 0x00007f53f91b2390 code [0x00007f53f91b2560, 0x00007f53f91b2788]
Event: 138,978 Thread 0x00007f54100aa800 nmethod 2877 0x00007f54004c9e90 code [0x00007f54004ca020, 0x00007f54004ca118]

GC Heap History (10 events):
Event: 79,603 GC heap after
{Heap after GC invocations=10 (full 0):
 garbage-first heap   total 119808K, used 14072K [0x00000000d1000000, 0x0000000100000000)
  region size 1024K, 1 young (1024K), 1 survivors (1024K)
 Metaspace       used 20620K, capacity 21265K, committed 21552K, reserved 1069056K
  class space    used 2602K, capacity 2861K, committed 2944K, reserved 1048576K
}
Event: 90,057 GC heap before
{Heap before GC invocations=10 (full 0):
 garbage-first heap   total 119808K, used 18168K [0x00000000d1000000, 0x0000000100000000)
  region size 1024K, 5 young (5120K), 1 survivors (1024K)
 Metaspace       used 21329K, capacity 21984K, committed 22192K, reserved 1069056K
  class space    used 2694K, capacity 2952K, committed 3072K, reserved 1048576K
}
Event: 92,274 GC heap after
{Heap after GC invocations=11 (full 0):
 garbage-first heap   total 119808K, used 14165K [0x00000000d1000000, 0x0000000100000000)
  region size 1024K, 1 young (1024K), 1 survivors (1024K)
 Metaspace       used 21329K, capacity 21984K, committed 22192K, reserved 1069056K
  class space    used 2694K, capacity 2952K, committed 3072K, reserved 1048576K
}
Event: 99,217 GC heap before
{Heap before GC invocations=11 (full 0):
 garbage-first heap   total 119808K, used 17237K [0x00000000d1000000, 0x0000000100000000)
  region size 1024K, 5 young (5120K), 1 survivors (1024K)
 Metaspace       used 21841K, capacity 22533K, committed 22832K, reserved 1069056K
  class space    used 2802K, capacity 3073K, committed 3200K, reserved 1048576K
}
Event: 100,258 GC heap after
{Heap after GC invocations=12 (full 0):
 garbage-first heap   total 119808K, used 14361K [0x00000000d1000000, 0x0000000100000000)
  region size 1024K, 1 young (1024K), 1 survivors (1024K)
 Metaspace       used 21841K, capacity 22533K, committed 22832K, reserved 1069056K
  class space    used 2802K, capacity 3073K, committed 3200K, reserved 1048576K
}
Event: 108,141 GC heap before
{Heap before GC invocations=12 (full 0):
 garbage-first heap   total 119808K, used 17433K [0x00000000d1000000, 0x0000000100000000)
  region size 1024K, 5 young (5120K), 1 survivors (1024K)
 Metaspace       used 22462K, capacity 23157K, committed 23344K, reserved 1069056K
  class space    used 2898K, capacity 3152K, committed 3200K, reserved 1048576K
}
Event: 110,059 GC heap after
{Heap after GC invocations=13 (full 0):
 garbage-first heap   total 119808K, used 14521K [0x00000000d1000000, 0x0000000100000000)
  region size 1024K, 1 young (1024K), 1 survivors (1024K)
 Metaspace       used 22462K, capacity 23157K, committed 23344K, reserved 1069056K
  class space    used 2898K, capacity 3152K, committed 3200K, reserved 1048576K
}
Event: 116,678 GC heap before
{Heap before GC invocations=13 (full 0):
 garbage-first heap   total 119808K, used 18617K [0x00000000d1000000, 0x0000000100000000)
  region size 1024K, 5 young (5120K), 1 survivors (1024K)
 Metaspace       used 22928K, capacity 23681K, committed 23984K, reserved 1071104K
  class space    used 2955K, capacity 3245K, committed 3328K, reserved 1048576K
}
Event: 117,108 GC heap after
{Heap after GC invocations=14 (full 0):
 garbage-first heap   total 119808K, used 14819K [0x00000000d1000000, 0x0000000100000000)
  region size 1024K, 1 young (1024K), 1 survivors (1024K)
 Metaspace       used 22928K, capacity 23681K, committed 23984K, reserved 1071104K
  class space    used 2955K, capacity 3245K, committed 3328K, reserved 1048576K
}
Event: 141,801 GC heap before
{Heap before GC invocations=14 (full 0):
 garbage-first heap   total 119808K, used 18915K [0x00000000d1000000, 0x0000000100000000)
  region size 1024K, 5 young (5120K), 1 survivors (1024K)
 Metaspace       used 23440K, capacity 24221K, committed 24496K, reserved 1071104K
  class space    used 3012K, capacity 3318K, committed 3328K, reserved 1048576K
}

Deoptimization events (10 events):
Event: 21,741 Thread 0x00007f5410015000 Uncommon trap: reason=class_check action=maybe_recompile pc=0x00007f5400459a74 method=java.lang.String.equals(Ljava/lang/Object;)Z @ 8 c2
Event: 21,741 Thread 0x00007f5410015000 Uncommon trap: reason=class_check action=maybe_recompile pc=0x00007f5400459a74 method=java.lang.String.equals(Ljava/lang/Object;)Z @ 8 c2
Event: 21,743 Thread 0x00007f5410015000 Uncommon trap: reason=class_check action=maybe_recompile pc=0x00007f5400459a74 method=java.lang.String.equals(Ljava/lang/Object;)Z @ 8 c2
Event: 21,788 Thread 0x00007f5410015000 Uncommon trap: reason=class_check action=maybe_recompile pc=0x00007f5400459a74 method=java.lang.String.equals(Ljava/lang/Object;)Z @ 8 c2
Event: 23,616 Thread 0x00007f5410015000 Uncommon trap: reason=unstable_if action=reinterpret pc=0x00007f5400463808 method=java.util.zip.ZipFile$Source.getEntryPos([BZ)I @ 156 c2
Event: 26,534 Thread 0x00007f5410015000 Uncommon trap: reason=unstable_if action=reinterpret pc=0x00007f54004c076c method=java.util.jar.Manifest$FastInputStream.peek()B @ 8 c2
Event: 27,677 Thread 0x00007f5410015000 Uncommon trap: reason=unstable_if action=reinterpret pc=0x00007f54004f1268 method=java.util.jar.Manifest$FastInputStream.peek()B @ 23 c2
Event: 87,538 Thread 0x00007f53cc04e800 Uncommon trap: reason=class_check action=maybe_recompile pc=0x00007f5400528220 method=java.util.concurrent.ConcurrentHashMap.putVal(Ljava/lang/Object;Ljava/lang/Object;Z)Ljava/lang/Object; @ 242 c2
Event: 117,109 Thread 0x00007f53d4023000 Uncommon trap: reason=unstable_if action=reinterpret pc=0x00007f5400571a70 method=java.lang.invoke.MethodType$ConcurrentWeakInternSet$WeakEntry.equals(Ljava/lang/Object;)Z @ 21 c2
Event: 117,109 Thread 0x00007f53d4023000 Uncommon trap: reason=class_check action=maybe_recompile pc=0x00007f5400528220 method=java.util.concurrent.ConcurrentHashMap.putVal(Ljava/lang/Object;Ljava/lang/Object;Z)Ljava/lang/Object; @ 242 c2

Classes redefined (0 events):
No events

Internal exceptions (10 events):
Event: 119,661 Thread 0x00007f53d4023000 Exception <a 'sun/nio/fs/UnixException'{0x00000000d802cf58}> (0x00000000d802cf58) thrown at [/build/openjdk-lts-WvAz7S/openjdk-lts-11.0.3+7/src/hotspot/share/prims/jni.cpp, line 615]
Event: 119,661 Thread 0x00007f53d4023000 Exception <a 'sun/nio/fs/UnixException'{0x00000000d802d958}> (0x00000000d802d958) thrown at [/build/openjdk-lts-WvAz7S/openjdk-lts-11.0.3+7/src/hotspot/share/prims/jni.cpp, line 615]
Event: 119,662 Thread 0x00007f53d4023000 Exception <a 'sun/nio/fs/UnixException'{0x00000000d802e6a8}> (0x00000000d802e6a8) thrown at [/build/openjdk-lts-WvAz7S/openjdk-lts-11.0.3+7/src/hotspot/share/prims/jni.cpp, line 615]
Event: 119,662 Thread 0x00007f53d4023000 Exception <a 'sun/nio/fs/UnixException'{0x00000000d802f998}> (0x00000000d802f998) thrown at [/build/openjdk-lts-WvAz7S/openjdk-lts-11.0.3+7/src/hotspot/share/prims/jni.cpp, line 615]
Event: 119,664 Thread 0x00007f53d4023000 Exception <a 'sun/nio/fs/UnixException'{0x00000000d8035250}> (0x00000000d8035250) thrown at [/build/openjdk-lts-WvAz7S/openjdk-lts-11.0.3+7/src/hotspot/share/prims/jni.cpp, line 615]
Event: 119,664 Thread 0x00007f53d4023000 Exception <a 'sun/nio/fs/UnixException'{0x00000000d80367a8}> (0x00000000d80367a8) thrown at [/build/openjdk-lts-WvAz7S/openjdk-lts-11.0.3+7/src/hotspot/share/prims/jni.cpp, line 615]
Event: 119,665 Thread 0x00007f53d4023000 Exception <a 'sun/nio/fs/UnixException'{0x00000000d8038b78}> (0x00000000d8038b78) thrown at [/build/openjdk-lts-WvAz7S/openjdk-lts-11.0.3+7/src/hotspot/share/prims/jni.cpp, line 615]
Event: 119,668 Thread 0x00007f53d4023000 Exception <a 'sun/nio/fs/UnixException'{0x00000000d803f790}> (0x00000000d803f790) thrown at [/build/openjdk-lts-WvAz7S/openjdk-lts-11.0.3+7/src/hotspot/share/prims/jni.cpp, line 615]
Event: 119,668 Thread 0x00007f53d4023000 Exception <a 'sun/nio/fs/UnixException'{0x00000000d803ff40}> (0x00000000d803ff40) thrown at [/build/openjdk-lts-WvAz7S/openjdk-lts-11.0.3+7/src/hotspot/share/prims/jni.cpp, line 615]
Event: 119,668 Thread 0x00007f53d4023000 Exception <a 'sun/nio/fs/UnixException'{0x00000000d80406f0}> (0x00000000d80406f0) thrown at [/build/openjdk-lts-WvAz7S/openjdk-lts-11.0.3+7/src/hotspot/share/prims/jni.cpp, line 615]

Events (10 events):
Event: 129,286 Executing VM operation: RevokeBias done
Event: 132,795 loading class java/lang/invoke/BoundMethodHandle$Species_LLLLLLLLLLLI
Event: 132,818 loading class java/lang/invoke/BoundMethodHandle$Species_LLLLLLLLLLLI done
Event: 136,110 loading class org/eclipse/core/runtime/preferences/IEclipsePreferences$INodeChangeListener
Event: 136,121 loading class java/lang/invoke/BoundMethodHandle$Species_LLLLLLLLLLLII
Event: 136,270 loading class java/lang/invoke/BoundMethodHandle$Species_LLLLLLLLLLLII done
Event: 136,689 loading class org/eclipse/core/runtime/preferences/IEclipsePreferences$INodeChangeListener done
Event: 140,601 loading class org/eclipse/jdt/core/IClasspathContainer
Event: 140,601 loading class org/eclipse/jdt/core/IClasspathContainer done
Event: 141,204 Executing VM operation: G1CollectForAllocation


Dynamic libraries:
d1000000-d8300000 rw-p 00000000 00:00 0 
dd800000-ffe00000 ---p 00000000 00:00 0 
ffe00000-ffe35000 rw-p 0111e000 08:05 1331284                            /usr/lib/jvm/java-11-openjdk-amd64/lib/server/classes.jsa
ffe35000-fff00000 rw-p 00000000 00:00 0 
fff00000-fff6a000 rw-p 010b4000 08:05 1331284                            /usr/lib/jvm/java-11-openjdk-amd64/lib/server/classes.jsa
fff6a000-100000000 rw-p 00000000 00:00 0 
800000000-800002000 rwxp 00001000 08:05 1331284                          /usr/lib/jvm/java-11-openjdk-amd64/lib/server/classes.jsa
800002000-8003bf000 rw-p 00003000 08:05 1331284                          /usr/lib/jvm/java-11-openjdk-amd64/lib/server/classes.jsa
8003bf000-800a9c000 r--p 003c0000 08:05 1331284                          /usr/lib/jvm/java-11-openjdk-amd64/lib/server/classes.jsa
800a9c000-800a9d000 rw-p 00a9d000 08:05 1331284                          /usr/lib/jvm/java-11-openjdk-amd64/lib/server/classes.jsa
800a9d000-8010b3000 r--p 00a9e000 08:05 1331284                          /usr/lib/jvm/java-11-openjdk-amd64/lib/server/classes.jsa
840000000-840340000 rw-p 00000000 00:00 0 
840340000-880000000 ---p 00000000 00:00 0 
563e280cf000-563e280d0000 r--p 00000000 08:05 1328447                    /usr/lib/jvm/java-11-openjdk-amd64/bin/java
563e280d0000-563e280d1000 r-xp 00001000 08:05 1328447                    /usr/lib/jvm/java-11-openjdk-amd64/bin/java
563e280d1000-563e280d2000 r--p 00002000 08:05 1328447                    /usr/lib/jvm/java-11-openjdk-amd64/bin/java
563e280d2000-563e280d3000 r--p 00002000 08:05 1328447                    /usr/lib/jvm/java-11-openjdk-amd64/bin/java
563e280d3000-563e280d4000 rw-p 00003000 08:05 1328447                    /usr/lib/jvm/java-11-openjdk-amd64/bin/java
563e28f14000-563e28f56000 rw-p 00000000 00:00 0                          [heap]
7f53baff8000-7f53bb0b8000 rw-p 00000000 00:00 0 
7f53bb0b8000-7f53bb1f8000 ---p 00000000 00:00 0 
7f53bb1f8000-7f53bb1fc000 ---p 00000000 00:00 0 
7f53bb1fc000-7f53bb2f9000 rw-p 00000000 00:00 0 
7f53bb2f9000-7f53bb2fd000 ---p 00000000 00:00 0 
7f53bb2fd000-7f53bb3fa000 rw-p 00000000 00:00 0 
7f53bb3fa000-7f53bb3fe000 ---p 00000000 00:00 0 
7f53bb3fe000-7f53bb4fb000 rw-p 00000000 00:00 0 
7f53bb4fb000-7f53bb4ff000 ---p 00000000 00:00 0 
7f53bb4ff000-7f53bb5fc000 rw-p 00000000 00:00 0 
7f53bb5fc000-7f53bb600000 ---p 00000000 00:00 0 
7f53bb600000-7f53bb6fd000 rw-p 00000000 00:00 0 
7f53bb6fd000-7f53bb701000 ---p 00000000 00:00 0 
7f53bb701000-7f53bb7fe000 rw-p 00000000 00:00 0 
7f53bb7fe000-7f53bb802000 ---p 00000000 00:00 0 
7f53bb802000-7f53bbaff000 rw-p 00000000 00:00 0 
7f53bbaff000-7f53bbb03000 ---p 00000000 00:00 0 
7f53bbb03000-7f53bbdec000 rw-p 00000000 00:00 0 
7f53bbdec000-7f53bbe00000 ---p 00000000 00:00 0 
7f53bbe00000-7f53bc000000 rw-p 00000000 00:00 0 
7f53bc000000-7f53bc021000 rw-p 00000000 00:00 0 
7f53bc021000-7f53c0000000 ---p 00000000 00:00 0 
7f53c0000000-7f53c003b000 rw-p 00000000 00:00 0 
7f53c003b000-7f53c4000000 ---p 00000000 00:00 0 
7f53c4000000-7f53c43bf000 rw-p 00000000 00:00 0 
7f53c43bf000-7f53c8000000 ---p 00000000 00:00 0 
7f53c8000000-7f53c8022000 rw-p 00000000 00:00 0 
7f53c8022000-7f53cc000000 ---p 00000000 00:00 0 
7f53cc000000-7f53cc05e000 rw-p 00000000 00:00 0 
7f53cc05e000-7f53d0000000 ---p 00000000 00:00 0 
7f53d0000000-7f53d1da0000 rw-p 00000000 00:00 0 
7f53d1da0000-7f53d4000000 ---p 00000000 00:00 0 
7f53d4000000-7f53d405e000 rw-p 00000000 00:00 0 
7f53d405e000-7f53d8000000 ---p 00000000 00:00 0 
7f53d8000000-7f53d8066000 rw-p 00000000 00:00 0 
7f53d8066000-7f53dc000000 ---p 00000000 00:00 0 
7f53dc000000-7f53dc07f000 rw-p 00000000 00:00 0 
7f53dc07f000-7f53e0000000 ---p 00000000 00:00 0 
7f53e0000000-7f53e0049000 rw-p 00000000 00:00 0 
7f53e0049000-7f53e4000000 ---p 00000000 00:00 0 
7f53e4000000-7f53e4064000 rw-p 00000000 00:00 0 
7f53e4064000-7f53e8000000 ---p 00000000 00:00 0 
7f53e8017000-7f53e8217000 rw-p 00000000 00:00 0 
7f53e8217000-7f53e8417000 rw-p 00000000 00:00 0 
7f53e8417000-7f53e8617000 rw-p 00000000 00:00 0 
7f53e8617000-7f53e861b000 ---p 00000000 00:00 0 
7f53e861b000-7f53e8718000 rw-p 00000000 00:00 0 
7f53e8718000-7f53e8719000 ---p 00000000 00:00 0 
7f53e8719000-7f53e881a000 rw-p 00000000 00:00 0 
7f53e881a000-7f53e881e000 ---p 00000000 00:00 0 
7f53e881e000-7f53e891b000 rw-p 00000000 00:00 0 
7f53e891b000-7f53e891f000 ---p 00000000 00:00 0 
7f53e891f000-7f53e8a1c000 rw-p 00000000 00:00 0 
7f53e8a1c000-7f53e8a1d000 ---p 00000000 00:00 0 
7f53e8a1d000-7f53e8b1e000 rw-p 00000000 00:00 0 
7f53e8b1e000-7f53e8b22000 ---p 00000000 00:00 0 
7f53e8b22000-7f53e8c1f000 rw-p 00000000 00:00 0 
7f53e8c1f000-7f53e8c23000 ---p 00000000 00:00 0 
7f53e8c23000-7f53e8d20000 rw-p 00000000 00:00 0 
7f53e8d20000-7f53e8d24000 ---p 00000000 00:00 0 
7f53e8d24000-7f53e8e21000 rw-p 00000000 00:00 0 
7f53e8e21000-7f53e8e25000 ---p 00000000 00:00 0 
7f53e8e25000-7f53e8f22000 rw-p 00000000 00:00 0 
7f53e8f22000-7f53e8f26000 ---p 00000000 00:00 0 
7f53e8f26000-7f53e9023000 rw-p 00000000 00:00 0 
7f53e9023000-7f53e9dfe000 r--p 00000000 08:05 1321255                    /usr/lib/locale/locale-archive
7f53e9dfe000-7f53e9e02000 ---p 00000000 00:00 0 
7f53e9e02000-7f53e9eff000 rw-p 00000000 00:00 0 
7f53e9eff000-7f53e9f03000 ---p 00000000 00:00 0 
7f53e9f03000-7f53ec000000 rw-p 00000000 00:00 0 
7f53ec000000-7f53ec021000 rw-p 00000000 00:00 0 
7f53ec021000-7f53f0000000 ---p 00000000 00:00 0 
7f53f0000000-7f53f005f000 rw-p 00000000 00:00 0 
7f53f005f000-7f53f4000000 ---p 00000000 00:00 0 
7f53f4000000-7f53f4068000 rw-p 00000000 00:00 0 
7f53f4068000-7f53f8000000 ---p 00000000 00:00 0 
7f53f8074000-7f53f807c000 r--s 00000000 08:05 3411001                    /tmp/hsperfdata_giovanni/3282
7f53f807c000-7f53f807d000 ---p 00000000 00:00 0 
7f53f807d000-7f53f897e000 rw-p 00000000 00:00 0 
7f53f897e000-7f53f8bee000 rwxp 00000000 00:00 0 
7f53f8bee000-7f53f8f0d000 ---p 00000000 00:00 0 
7f53f8f0d000-7f53f945d000 rwxp 00000000 00:00 0 
7f53f945d000-7f5400445000 ---p 00000000 00:00 0 
7f5400445000-7f54006b5000 rwxp 00000000 00:00 0 
7f54006b5000-7f540797e000 ---p 00000000 00:00 0 
7f540797e000-7f5410000000 r--s 00000000 08:05 1330949                    /usr/lib/jvm/java-11-openjdk-amd64/lib/modules
7f5410000000-7f5410cf2000 rw-p 00000000 00:00 0 
7f5410cf2000-7f5414000000 ---p 00000000 00:00 0 
7f5414005000-7f5414006000 r--p 00000000 08:05 1328580                    /usr/lib/jvm/java-11-openjdk-amd64/lib/libextnet.so
7f5414006000-7f5414007000 r-xp 00001000 08:05 1328580                    /usr/lib/jvm/java-11-openjdk-amd64/lib/libextnet.so
7f5414007000-7f5414008000 r--p 00002000 08:05 1328580                    /usr/lib/jvm/java-11-openjdk-amd64/lib/libextnet.so
7f5414008000-7f5414009000 r--p 00002000 08:05 1328580                    /usr/lib/jvm/java-11-openjdk-amd64/lib/libextnet.so
7f5414009000-7f541400a000 rw-p 00003000 08:05 1328580                    /usr/lib/jvm/java-11-openjdk-amd64/lib/libextnet.so
7f541400a000-7f541400c000 r--p 00000000 08:05 1330847                    /usr/lib/jvm/java-11-openjdk-amd64/lib/libmanagement_ext.so
7f541400c000-7f541400e000 r-xp 00002000 08:05 1330847                    /usr/lib/jvm/java-11-openjdk-amd64/lib/libmanagement_ext.so
7f541400e000-7f541400f000 r--p 00004000 08:05 1330847                    /usr/lib/jvm/java-11-openjdk-amd64/lib/libmanagement_ext.so
7f541400f000-7f5414010000 ---p 00005000 08:05 1330847                    /usr/lib/jvm/java-11-openjdk-amd64/lib/libmanagement_ext.so
7f5414010000-7f5414011000 r--p 00005000 08:05 1330847                    /usr/lib/jvm/java-11-openjdk-amd64/lib/libmanagement_ext.so
7f5414011000-7f5414012000 rw-p 00006000 08:05 1330847                    /usr/lib/jvm/java-11-openjdk-amd64/lib/libmanagement_ext.so
7f5414012000-7f5414015000 r--p 00000000 08:05 1330845                    /usr/lib/jvm/java-11-openjdk-amd64/lib/libmanagement.so
7f5414015000-7f5414016000 r-xp 00003000 08:05 1330845                    /usr/lib/jvm/java-11-openjdk-amd64/lib/libmanagement.so
7f5414016000-7f5414017000 r--p 00004000 08:05 1330845                    /usr/lib/jvm/java-11-openjdk-amd64/lib/libmanagement.so
7f5414017000-7f5414018000 r--p 00004000 08:05 1330845                    /usr/lib/jvm/java-11-openjdk-amd64/lib/libmanagement.so
7f5414018000-7f5414019000 rw-p 00005000 08:05 1330845                    /usr/lib/jvm/java-11-openjdk-amd64/lib/libmanagement.so
7f5414019000-7f541403a000 r--p 00000000 08:05 2910177                    /usr/share/locale-langpack/it/LC_MESSAGES/libc.mo
7f541403a000-7f541406b000 rw-p 00000000 00:00 0 
7f541406b000-7f541406f000 r--p 00000000 08:05 1330858                    /usr/lib/jvm/java-11-openjdk-amd64/lib/libnet.so
7f541406f000-7f541407e000 r-xp 00004000 08:05 1330858                    /usr/lib/jvm/java-11-openjdk-amd64/lib/libnet.so
7f541407e000-7f5414082000 r--p 00013000 08:05 1330858                    /usr/lib/jvm/java-11-openjdk-amd64/lib/libnet.so
7f5414082000-7f5414083000 r--p 00016000 08:05 1330858                    /usr/lib/jvm/java-11-openjdk-amd64/lib/libnet.so
7f5414083000-7f5414084000 rw-p 00017000 08:05 1330858                    /usr/lib/jvm/java-11-openjdk-amd64/lib/libnet.so
7f5414084000-7f541408b000 r--p 00000000 08:05 1330940                    /usr/lib/jvm/java-11-openjdk-amd64/lib/libnio.so
7f541408b000-7f5414092000 r-xp 00007000 08:05 1330940                    /usr/lib/jvm/java-11-openjdk-amd64/lib/libnio.so
7f5414092000-7f5414095000 r--p 0000e000 08:05 1330940                    /usr/lib/jvm/java-11-openjdk-amd64/lib/libnio.so
7f5414095000-7f5414096000 r--p 00010000 08:05 1330940                    /usr/lib/jvm/java-11-openjdk-amd64/lib/libnio.so
7f5414096000-7f5414097000 rw-p 00011000 08:05 1330940                    /usr/lib/jvm/java-11-openjdk-amd64/lib/libnio.so
7f5414097000-7f54141dd000 rw-p 00000000 00:00 0 
7f54141dd000-7f54141de000 ---p 00000000 00:00 0 
7f54141de000-7f54142df000 rw-p 00000000 00:00 0 
7f54142df000-7f54142e0000 ---p 00000000 00:00 0 
7f54142e0000-7f54145e3000 rw-p 00000000 00:00 0 
7f54145e3000-7f54145e4000 ---p 00000000 00:00 0 
7f54145e4000-7f54146e5000 rw-p 00000000 00:00 0 
7f54146e5000-7f54146e6000 ---p 00000000 00:00 0 
7f54146e6000-7f54149cc000 rw-p 00000000 00:00 0 
7f54149cc000-7f54153b8000 ---p 00000000 00:00 0 
7f54153b8000-7f541558c000 rw-p 00000000 00:00 0 
7f541558c000-7f5415f78000 ---p 00000000 00:00 0 
7f5415f78000-7f5415fba000 rw-p 00000000 00:00 0 
7f5415fba000-7f54160f7000 ---p 00000000 00:00 0 
7f54160f7000-7f5416132000 rw-p 00000000 00:00 0 
7f5416132000-7f541626f000 ---p 00000000 00:00 0 
7f541626f000-7f54162aa000 rw-p 00000000 00:00 0 
7f54162aa000-7f54163e7000 ---p 00000000 00:00 0 
7f54163e7000-7f54165ea000 rw-p 00000000 00:00 0 
7f54165ea000-7f54165eb000 ---p 00000000 00:00 0 
7f54165eb000-7f54166f1000 rw-p 00000000 00:00 0 
7f54166f1000-7f54167d7000 ---p 00000000 00:00 0 
7f54167d7000-7f54167e2000 rw-p 00000000 00:00 0 
7f54167e2000-7f54168c2000 ---p 00000000 00:00 0 
7f54168c2000-7f54168c7000 rw-p 00000000 00:00 0 
7f54168c7000-7f54168ce000 ---p 00000000 00:00 0 
7f54168ce000-7f54168d1000 r--p 00000000 08:05 5772349                    /lib/x86_64-linux-gnu/libnss_files-2.28.so
7f54168d1000-7f54168d8000 r-xp 00003000 08:05 5772349                    /lib/x86_64-linux-gnu/libnss_files-2.28.so
7f54168d8000-7f54168db000 r--p 0000a000 08:05 5772349                    /lib/x86_64-linux-gnu/libnss_files-2.28.so
7f54168db000-7f54168dc000 r--p 0000c000 08:05 5772349                    /lib/x86_64-linux-gnu/libnss_files-2.28.so
7f54168dc000-7f54168dd000 rw-p 0000d000 08:05 5772349                    /lib/x86_64-linux-gnu/libnss_files-2.28.so
7f54168dd000-7f54168e3000 rw-p 00000000 00:00 0 
7f54168e3000-7f54168ea000 r--s 00000000 08:05 1447957                    /usr/lib/x86_64-linux-gnu/gconv/gconv-modules.cache
7f54168ea000-7f54168ec000 r--s 00007000 08:05 1711552                    /usr/share/java/java-atk-wrapper.jar
7f54168ec000-7f54168ee000 r--p 00000000 08:05 1330841                    /usr/lib/jvm/java-11-openjdk-amd64/lib/libjimage.so
7f54168ee000-7f54168f1000 r-xp 00002000 08:05 1330841                    /usr/lib/jvm/java-11-openjdk-amd64/lib/libjimage.so
7f54168f1000-7f54168f3000 r--p 00005000 08:05 1330841                    /usr/lib/jvm/java-11-openjdk-amd64/lib/libjimage.so
7f54168f3000-7f54168f4000 r--p 00006000 08:05 1330841                    /usr/lib/jvm/java-11-openjdk-amd64/lib/libjimage.so
7f54168f4000-7f54168f5000 rw-p 00007000 08:05 1330841                    /usr/lib/jvm/java-11-openjdk-amd64/lib/libjimage.so
7f54168f5000-7f54168f7000 r--p 00000000 08:05 1330948                    /usr/lib/jvm/java-11-openjdk-amd64/lib/libzip.so
7f54168f7000-7f54168fb000 r-xp 00002000 08:05 1330948                    /usr/lib/jvm/java-11-openjdk-amd64/lib/libzip.so
7f54168fb000-7f54168fd000 r--p 00006000 08:05 1330948                    /usr/lib/jvm/java-11-openjdk-amd64/lib/libzip.so
7f54168fd000-7f54168fe000 r--p 00007000 08:05 1330948                    /usr/lib/jvm/java-11-openjdk-amd64/lib/libzip.so
7f54168fe000-7f54168ff000 rw-p 00008000 08:05 1330948                    /usr/lib/jvm/java-11-openjdk-amd64/lib/libzip.so
7f54168ff000-7f541690c000 r--p 00000000 08:05 1330837                    /usr/lib/jvm/java-11-openjdk-amd64/lib/libjava.so
7f541690c000-7f5416921000 r-xp 0000d000 08:05 1330837                    /usr/lib/jvm/java-11-openjdk-amd64/lib/libjava.so
7f5416921000-7f5416928000 r--p 00022000 08:05 1330837                    /usr/lib/jvm/java-11-openjdk-amd64/lib/libjava.so
7f5416928000-7f5416929000 r--p 00028000 08:05 1330837                    /usr/lib/jvm/java-11-openjdk-amd64/lib/libjava.so
7f5416929000-7f541692b000 rw-p 00029000 08:05 1330837                    /usr/lib/jvm/java-11-openjdk-amd64/lib/libjava.so
7f541692b000-7f541692d000 r--p 00000000 08:05 5772378                    /lib/x86_64-linux-gnu/librt-2.28.so
7f541692d000-7f5416931000 r-xp 00002000 08:05 5772378                    /lib/x86_64-linux-gnu/librt-2.28.so
7f5416931000-7f5416933000 r--p 00006000 08:05 5772378                    /lib/x86_64-linux-gnu/librt-2.28.so
7f5416933000-7f5416934000 r--p 00007000 08:05 5772378                    /lib/x86_64-linux-gnu/librt-2.28.so
7f5416934000-7f5416935000 rw-p 00008000 08:05 5772378                    /lib/x86_64-linux-gnu/librt-2.28.so
7f5416935000-7f5416939000 ---p 00000000 00:00 0 
7f5416939000-7f5416a36000 rw-p 00000000 00:00 0 
7f5416a36000-7f5416a39000 r--p 00000000 08:05 5771969                    /lib/x86_64-linux-gnu/libgcc_s.so.1
7f5416a39000-7f5416a4a000 r-xp 00003000 08:05 5771969                    /lib/x86_64-linux-gnu/libgcc_s.so.1
7f5416a4a000-7f5416a4d000 r--p 00014000 08:05 5771969                    /lib/x86_64-linux-gnu/libgcc_s.so.1
7f5416a4d000-7f5416a4e000 ---p 00017000 08:05 5771969                    /lib/x86_64-linux-gnu/libgcc_s.so.1
7f5416a4e000-7f5416a4f000 r--p 00017000 08:05 5771969                    /lib/x86_64-linux-gnu/libgcc_s.so.1
7f5416a4f000-7f5416a50000 rw-p 00018000 08:05 5771969                    /lib/x86_64-linux-gnu/libgcc_s.so.1
7f5416a50000-7f5416a5d000 r--p 00000000 08:05 5772335                    /lib/x86_64-linux-gnu/libm-2.28.so
7f5416a5d000-7f5416b08000 r-xp 0000d000 08:05 5772335                    /lib/x86_64-linux-gnu/libm-2.28.so
7f5416b08000-7f5416bdb000 r--p 000b8000 08:05 5772335                    /lib/x86_64-linux-gnu/libm-2.28.so
7f5416bdb000-7f5416bdc000 r--p 0018a000 08:05 5772335                    /lib/x86_64-linux-gnu/libm-2.28.so
7f5416bdc000-7f5416bdd000 rw-p 0018b000 08:05 5772335                    /lib/x86_64-linux-gnu/libm-2.28.so
7f5416bdd000-7f5416c67000 r--p 00000000 08:05 1310784                    /usr/lib/x86_64-linux-gnu/libstdc++.so.6.0.25
7f5416c67000-7f5416d1a000 r-xp 0008a000 08:05 1310784                    /usr/lib/x86_64-linux-gnu/libstdc++.so.6.0.25
7f5416d1a000-7f5416d57000 r--p 0013d000 08:05 1310784                    /usr/lib/x86_64-linux-gnu/libstdc++.so.6.0.25
7f5416d57000-7f5416d58000 ---p 0017a000 08:05 1310784                    /usr/lib/x86_64-linux-gnu/libstdc++.so.6.0.25
7f5416d58000-7f5416d62000 r--p 0017a000 08:05 1310784                    /usr/lib/x86_64-linux-gnu/libstdc++.so.6.0.25
7f5416d62000-7f5416d64000 rw-p 00184000 08:05 1310784                    /usr/lib/x86_64-linux-gnu/libstdc++.so.6.0.25
7f5416d64000-7f5416d68000 rw-p 00000000 00:00 0 
7f5416d68000-7f5416fd6000 r--p 00000000 08:05 1330954                    /usr/lib/jvm/java-11-openjdk-amd64/lib/server/libjvm.so
7f5416fd6000-7f5417af2000 r-xp 0026e000 08:05 1330954                    /usr/lib/jvm/java-11-openjdk-amd64/lib/server/libjvm.so
7f5417af2000-7f5417d2b000 r--p 00d8a000 08:05 1330954                    /usr/lib/jvm/java-11-openjdk-amd64/lib/server/libjvm.so
7f5417d2b000-7f5417de8000 r--p 00fc2000 08:05 1330954                    /usr/lib/jvm/java-11-openjdk-amd64/lib/server/libjvm.so
7f5417de8000-7f5417e21000 rw-p 0107f000 08:05 1330954                    /usr/lib/jvm/java-11-openjdk-amd64/lib/server/libjvm.so
7f5417e21000-7f5417e79000 rw-p 00000000 00:00 0 
7f5417e79000-7f5417e7f000 r--p 00000000 08:05 5772374                    /lib/x86_64-linux-gnu/libpthread-2.28.so
7f5417e7f000-7f5417e8e000 r-xp 00006000 08:05 5772374                    /lib/x86_64-linux-gnu/libpthread-2.28.so
7f5417e8e000-7f5417e94000 r--p 00015000 08:05 5772374                    /lib/x86_64-linux-gnu/libpthread-2.28.so
7f5417e94000-7f5417e95000 r--p 0001a000 08:05 5772374                    /lib/x86_64-linux-gnu/libpthread-2.28.so
7f5417e95000-7f5417e96000 rw-p 0001b000 08:05 5772374                    /lib/x86_64-linux-gnu/libpthread-2.28.so
7f5417e96000-7f5417e9a000 rw-p 00000000 00:00 0 
7f5417e9a000-7f5417e9b000 r--p 00000000 08:05 5772313                    /lib/x86_64-linux-gnu/libdl-2.28.so
7f5417e9b000-7f5417e9d000 r-xp 00001000 08:05 5772313                    /lib/x86_64-linux-gnu/libdl-2.28.so
7f5417e9d000-7f5417e9e000 r--p 00003000 08:05 5772313                    /lib/x86_64-linux-gnu/libdl-2.28.so
7f5417e9e000-7f5417e9f000 r--p 00003000 08:05 5772313                    /lib/x86_64-linux-gnu/libdl-2.28.so
7f5417e9f000-7f5417ea0000 rw-p 00004000 08:05 5772313                    /lib/x86_64-linux-gnu/libdl-2.28.so
7f5417ea0000-7f5417ebc000 r-xp 00000000 08:05 5772394                    /lib/x86_64-linux-gnu/libz.so.1.2.11
7f5417ebc000-7f54180bb000 ---p 0001c000 08:05 5772394                    /lib/x86_64-linux-gnu/libz.so.1.2.11
7f54180bb000-7f54180bc000 r--p 0001b000 08:05 5772394                    /lib/x86_64-linux-gnu/libz.so.1.2.11
7f54180bc000-7f54180bd000 rw-p 0001c000 08:05 5772394                    /lib/x86_64-linux-gnu/libz.so.1.2.11
7f54180bd000-7f54180df000 r--p 00000000 08:05 5772303                    /lib/x86_64-linux-gnu/libc-2.28.so
7f54180df000-7f5418250000 r-xp 00022000 08:05 5772303                    /lib/x86_64-linux-gnu/libc-2.28.so
7f5418250000-7f541829c000 r--p 00193000 08:05 5772303                    /lib/x86_64-linux-gnu/libc-2.28.so
7f541829c000-7f541829d000 ---p 001df000 08:05 5772303                    /lib/x86_64-linux-gnu/libc-2.28.so
7f541829d000-7f54182a1000 r--p 001df000 08:05 5772303                    /lib/x86_64-linux-gnu/libc-2.28.so
7f54182a1000-7f54182a3000 rw-p 001e3000 08:05 5772303                    /lib/x86_64-linux-gnu/libc-2.28.so
7f54182a3000-7f54182a7000 rw-p 00000000 00:00 0 
7f54182a8000-7f54182b0000 rw-s 00000000 08:05 3421257                    /tmp/hsperfdata_giovanni/4047
7f54182b0000-7f54182b1000 ---p 00000000 00:00 0 
7f54182b1000-7f54182b2000 r--p 00000000 00:00 0 
7f54182b2000-7f54182b7000 r--p 00000000 08:05 1330947                    /usr/lib/jvm/java-11-openjdk-amd64/lib/libverify.so
7f54182b7000-7f54182be000 r-xp 00005000 08:05 1330947                    /usr/lib/jvm/java-11-openjdk-amd64/lib/libverify.so
7f54182be000-7f54182c0000 r--p 0000c000 08:05 1330947                    /usr/lib/jvm/java-11-openjdk-amd64/lib/libverify.so
7f54182c0000-7f54182c2000 r--p 0000d000 08:05 1330947                    /usr/lib/jvm/java-11-openjdk-amd64/lib/libverify.so
7f54182c2000-7f54182c3000 rw-p 0000f000 08:05 1330947                    /usr/lib/jvm/java-11-openjdk-amd64/lib/libverify.so
7f54182c3000-7f54182c6000 r--p 00000000 08:05 1328572                    /usr/lib/jvm/java-11-openjdk-amd64/lib/jli/libjli.so
7f54182c6000-7f54182d0000 r-xp 00003000 08:05 1328572                    /usr/lib/jvm/java-11-openjdk-amd64/lib/jli/libjli.so
7f54182d0000-7f54182d3000 r--p 0000d000 08:05 1328572                    /usr/lib/jvm/java-11-openjdk-amd64/lib/jli/libjli.so
7f54182d3000-7f54182d4000 r--p 0000f000 08:05 1328572                    /usr/lib/jvm/java-11-openjdk-amd64/lib/jli/libjli.so
7f54182d4000-7f54182d5000 rw-p 00010000 08:05 1328572                    /usr/lib/jvm/java-11-openjdk-amd64/lib/jli/libjli.so
7f54182d5000-7f54182d7000 rw-p 00000000 00:00 0 
7f54182d7000-7f54182d8000 r--p 00000000 08:05 5772291                    /lib/x86_64-linux-gnu/ld-2.28.so
7f54182d8000-7f54182f8000 r-xp 00001000 08:05 5772291                    /lib/x86_64-linux-gnu/ld-2.28.so
7f54182f8000-7f5418300000 r--p 00021000 08:05 5772291                    /lib/x86_64-linux-gnu/ld-2.28.so
7f5418300000-7f5418301000 r--p 00028000 08:05 5772291                    /lib/x86_64-linux-gnu/ld-2.28.so
7f5418301000-7f5418302000 rw-p 00029000 08:05 5772291                    /lib/x86_64-linux-gnu/ld-2.28.so
7f5418302000-7f5418303000 rw-p 00000000 00:00 0 
7ffdf0eeb000-7ffdf0f0d000 rw-p 00000000 00:00 0                          [stack]
7ffdf0f5d000-7ffdf0f60000 r--p 00000000 00:00 0                          [vvar]
7ffdf0f60000-7ffdf0f62000 r-xp 00000000 00:00 0                          [vdso]
ffffffffff600000-ffffffffff601000 r-xp 00000000 00:00 0                  [vsyscall]


VM Arguments:
jvm_args: -Dspring.lsp.client-port=45557 -Dserver.port=45557 -Dsts.lsp.client=vscode -Dsts.log.file=/tmp/vscode-spring-boot-1561800831583.log -Dlogging.file=/tmp/vscode-spring-boot-1561800831583.log -Dspring.config.location=file:/home/giovanni/.vscode/extensions/pivotal.vscode-spring-boot-1.8.1/language-server/BOOT-INF/classes/application.properties 
java_command: org.springframework.ide.vscode.boot.app.BootLanguagServerBootApp
java_class_path (initial): /home/giovanni/.vscode/extensions/pivotal.vscode-spring-boot-1.8.1/language-server/BOOT-INF/classes:/home/giovanni/.vscode/extensions/pivotal.vscode-spring-boot-1.8.1/language-server/BOOT-INF/lib/jul-to-slf4j-1.7.26.jar:/home/giovanni/.vscode/extensions/pivotal.vscode-spring-boot-1.8.1/language-server/BOOT-INF/lib/commons-maven-1.8.1-SNAPSHOT.jar:/home/giovanni/.vscode/extensions/pivotal.vscode-spring-boot-1.8.1/language-server/BOOT-INF/lib/ant-1.10.3.jar:/home/giovanni/.vscode/extensions/pivotal.vscode-spring-boot-1.8.1/language-server/BOOT-INF/lib/jakarta.annotation-api-1.3.4.jar:/home/giovanni/.vscode/extensions/pivotal.vscode-spring-boot-1.8.1/language-server/BOOT-INF/lib/plexus-interpolation-1.21.jar:/home/giovanni/.vscode/extensions/pivotal.vscode-spring-boot-1.8.1/language-server/BOOT-INF/lib/org.eclipse.core.resources-3.13.400.jar:/home/giovanni/.vscode/extensions/pivotal.vscode-spring-boot-1.8.1/language-server/BOOT-INF/lib/commons-util-1.8.1-SNAPSHOT.jar:/home/giovanni/.vscode/extensions/pivotal.vscode-spring-boot-1.8.1/language-server/BOOT-INF/lib/plexus-cipher-1.7.jar:/home/giovanni/.vscode/extensions/pivotal.vscode-spring-boot-1.8.1/language-server/BOOT-INF/lib/maven-aether-provider-3.3.9.jar:/home/giovanni/.vscode/extensions/pivotal.vscode-spring-boot-1.8.1/language-server/BOOT-INF/lib/commons-gradle-1.8.1-SNAPSHOT.jar:/home/giovanni/.vscode/extensions/pivotal.vscode-spring-boot-1.8.1/language-server/BOOT-INF/lib/language-server-starter-1.8.1-SNAPSHOT.jar:/home/giovanni/.vscode/extensions/pivotal.vscode-spring-boot-1.8.1/language-server/BOOT-INF/lib/maven-model-3.3.9.jar:/home/giovanni/.vscode/extensions/pivotal.vscode-spring-boot-1.8.1/language-server/BOOT-INF/lib/aether-transport-wagon-1.0.2.v20150114.jar:/home/giovanni/.vscode/extensions/pivotal.vscode-spring-boot-1.8.1/language-server/BOOT-INF/lib/wagon-http-2.8.jar:/home/giovanni/.vscode/extensions/pivotal.vscode-spring-boot-1.8.1/language-server/BOOT-INF/lib/maven-emb
Launcher Type: SUN_STANDARD

[Global flags]
     intx CICompilerCount                          = 2                                         {product} {ergonomic}
     uint ConcGCThreads                            = 1                                         {product} {ergonomic}
     uint G1ConcRefinementThreads                  = 2                                         {product} {ergonomic}
   size_t G1HeapRegionSize                         = 1048576                                   {product} {ergonomic}
    uintx GCDrainStackTargetSize                   = 64                                        {product} {ergonomic}
   size_t InitialHeapSize                          = 50331648                                  {product} {ergonomic}
   size_t MarkStackSize                            = 4194304                                   {product} {ergonomic}
   size_t MaxHeapSize                              = 788529152                                 {product} {ergonomic}
   size_t MaxNewSize                               = 472907776                                 {product} {ergonomic}
   size_t MinHeapDeltaBytes                        = 1048576                                   {product} {ergonomic}
    uintx NonNMethodCodeHeapSize                   = 5824844                                {pd product} {ergonomic}
    uintx NonProfiledCodeHeapSize                  = 122916698                              {pd product} {ergonomic}
    uintx ProfiledCodeHeapSize                     = 122916698                              {pd product} {ergonomic}
    uintx ReservedCodeCacheSize                    = 251658240                              {pd product} {ergonomic}
     bool SegmentedCodeCache                       = true                                      {product} {ergonomic}
     bool UseCompressedClassPointers               = true                                 {lp64_product} {ergonomic}
     bool UseCompressedOops                        = true                                 {lp64_product} {ergonomic}
     bool UseG1GC                                  = true                                      {product} {ergonomic}

Logging:
Log output configuration:
 #0: stdout all=warning uptime,level,tags
 #1: stderr all=off uptime,level,tags

Environment Variables:
JAVA_HOME=/usr/lib/jvm/java-11-openjdk-amd64
PATH=/home/giovanni/.config/versions/node/v11.10.1/bin:/home/giovanni/.rbenv/shims:/home/giovanni/.rbenv/bin:/usr/local/sbin:/usr/local/bin:/usr/sbin:/usr/bin:/sbin:/bin:/usr/games:/usr/local/games:/snap/bin
SHELL=/bin/bash
DISPLAY=:0

Signal Handlers:
SIGSEGV: [libjvm.so+0xd18a40], sa_mask[0]=11111111011111111101111111111110, sa_flags=SA_RESTART|SA_SIGINFO
SIGBUS: [libjvm.so+0xd18a40], sa_mask[0]=11111111011111111101111111111110, sa_flags=SA_RESTART|SA_SIGINFO
SIGFPE: [libjvm.so+0xd18a40], sa_mask[0]=11111111011111111101111111111110, sa_flags=SA_RESTART|SA_SIGINFO
SIGPIPE: [libjvm.so+0xb21cf0], sa_mask[0]=11111111011111111101111111111110, sa_flags=SA_RESTART|SA_SIGINFO
SIGXFSZ: [libjvm.so+0xb21cf0], sa_mask[0]=11111111011111111101111111111110, sa_flags=SA_RESTART|SA_SIGINFO
SIGILL: [libjvm.so+0xd18a40], sa_mask[0]=11111111011111111101111111111110, sa_flags=SA_RESTART|SA_SIGINFO
SIGUSR2: [libjvm.so+0xb21b80], sa_mask[0]=00000000000000000000000000000000, sa_flags=SA_RESTART|SA_SIGINFO
SIGHUP: [libjvm.so+0xb220f0], sa_mask[0]=11111111011111111101111111111110, sa_flags=SA_RESTART|SA_SIGINFO
SIGINT: [libjvm.so+0xb220f0], sa_mask[0]=11111111011111111101111111111110, sa_flags=SA_RESTART|SA_SIGINFO
SIGTERM: [libjvm.so+0xb220f0], sa_mask[0]=11111111011111111101111111111110, sa_flags=SA_RESTART|SA_SIGINFO
SIGQUIT: [libjvm.so+0xb220f0], sa_mask[0]=11111111011111111101111111111110, sa_flags=SA_RESTART|SA_SIGINFO


---------------  S Y S T E M  ---------------

OS:DISTRIB_ID=Ubuntu
DISTRIB_RELEASE=18.10
DISTRIB_CODENAME=cosmic
DISTRIB_DESCRIPTION="Ubuntu 18.10"
uname:Linux 4.18.0-25-generic #26-Ubuntu SMP Mon Jun 24 09:32:08 UTC 2019 x86_64
libc:glibc 2.28 NPTL 2.28 
rlimit: STACK 8192k, CORE 0k, NPROC 11742, NOFILE 1048576, AS infinity, DATA infinity, FSIZE infinity
load average:10,79 5,31 2,47

/proc/meminfo:
MemTotal:        3073136 kB
MemFree:           78728 kB
MemAvailable:      46184 kB
Buffers:            1604 kB
Cached:           111316 kB
SwapCached:            0 kB
Active:          2730176 kB
Inactive:          61996 kB
Active(anon):    2702516 kB
Inactive(anon):    32464 kB
Active(file):      27660 kB
Inactive(file):    29532 kB
Unevictable:           0 kB
Mlocked:               0 kB
SwapTotal:             0 kB
SwapFree:              0 kB
Dirty:               172 kB
Writeback:             0 kB
AnonPages:       2679404 kB
Mapped:            83492 kB
Shmem:             55576 kB
Slab:              96172 kB
SReclaimable:      36168 kB
SUnreclaim:        60004 kB
KernelStack:       10656 kB
PageTables:        31668 kB
NFS_Unstable:          0 kB
Bounce:                0 kB
WritebackTmp:          0 kB
CommitLimit:     1536568 kB
Committed_AS:    6584216 kB
VmallocTotal:   34359738367 kB
VmallocUsed:           0 kB
VmallocChunk:          0 kB
HardwareCorrupted:     0 kB
AnonHugePages:         0 kB
ShmemHugePages:        0 kB
ShmemPmdMapped:        0 kB
CmaTotal:              0 kB
CmaFree:               0 kB
HugePages_Total:       0
HugePages_Free:        0
HugePages_Rsvd:        0
HugePages_Surp:        0
Hugepagesize:       2048 kB
Hugetlb:               0 kB
DirectMap4k:      134848 kB
DirectMap2M:     3010560 kB


/proc/sys/kernel/threads-max (system-wide limit on the number of threads):
23484


/proc/sys/vm/max_map_count (maximum number of memory map areas a process may have):
65530


/proc/sys/kernel/pid_max (system-wide limit on number of process identifiers):
32768



container (cgroup) information:
container_type: cgroupv1
cpu_cpuset_cpus: 0-1
cpu_memory_nodes: 0
active_processor_count: 2
cpu_quota: -1
cpu_period: 100000
cpu_shares: -1
memory_limit_in_bytes: -1
memory_and_swap_limit_in_bytes: -2
memory_soft_limit_in_bytes: -1
memory_usage_in_bytes: 2736676864
memory_max_usage_in_bytes: 2762711040


CPU:total 2 (initial active 2) (2 cores per cpu, 1 threads per core) family 15 model 67 stepping 3, cmov, cx8, fxsr, mmx, sse, sse2, sse3, mmxext, 3dnowpref, tsc
CPU Model and flags from /proc/cpuinfo:
model name	: AMD Athlon(tm) 64 X2 Dual Core Processor 4600+
flags		: fpu vme de pse tsc msr pae mce cx8 apic sep mtrr pge mca cmov pat pse36 clflush mmx fxsr sse sse2 ht syscall nx mmxext fxsr_opt rdtscp lm 3dnowext 3dnow rep_good nopl cpuid extd_apicid pni cx16 lahf_lm cmp_legacy svm extapic cr8_legacy 3dnowprefetch vmmcall

Memory: 4k page, physical 3073136k(78728k free), swap 0k(0k free)

vm_info: OpenJDK 64-Bit Server VM (11.0.3+7-Ubuntu-1ubuntu218.10.1) for linux-amd64 JRE (11.0.3+7-Ubuntu-1ubuntu218.10.1), built on Apr 23 2019 18:34:35 by "buildd" with gcc 8.2.0

END.
